<?xml version="1.0" encoding="UTF-8"?>
<testsuite name="ru.nsu.borodkin.BlackjackGameTest" tests="3" skipped="0" failures="0" errors="0" timestamp="2024-12-09T04:28:41" hostname="DESKTOP-D9QOF54" time="0.009">
  <properties/>
  <testcase name="testPlayerBlackjackWin()" classname="ru.nsu.borodkin.BlackjackGameTest" time="0.003"/>
  <testcase name="testDraw()" classname="ru.nsu.borodkin.BlackjackGameTest" time="0.002"/>
  <testcase name="testInitialDeal()" classname="ru.nsu.borodkin.BlackjackGameTest" time="0.002"/>
  <system-out><![CDATA[Вы выиграли!
Ничья!
]]></system-out>
  <system-err><![CDATA[]]></system-err>
</testsuite>
