<?xml version="1.0" encoding="UTF-8"?>
<testsuite name="ru.nsu.borodkin.CardTest" tests="4" skipped="0" failures="0" errors="0" timestamp="2024-12-09T04:28:41" hostname="DESKTOP-D9QOF54" time="0.009">
  <properties/>
  <testcase name="testToString()" classname="ru.nsu.borodkin.CardTest" time="0.002"/>
  <testcase name="testCardCreation()" classname="ru.nsu.borodkin.CardTest" time="0.001"/>
  <testcase name="testCardWithNumber()" classname="ru.nsu.borodkin.CardTest" time="0.002"/>
  <testcase name="testCardWithAce()" classname="ru.nsu.borodkin.CardTest" time="0.001"/>
  <system-out><![CDATA[]]></system-out>
  <system-err><![CDATA[]]></system-err>
</testsuite>
