<?xml version="1.0" encoding="UTF-8"?>
<testsuite name="ru.nsu.shadrina.PlayerTest" tests="3" skipped="0" failures="0" errors="0" timestamp="2024-11-11T07:11:05" hostname="DESKTOP-D9QOF54" time="0.002">
  <properties/>
  <testcase name="testAddCard()" classname="ru.nsu.shadrina.PlayerTest" time="0.0"/>
  <testcase name="testCalculateHandValueWithAce()" classname="ru.nsu.shadrina.PlayerTest" time="0.0"/>
  <testcase name="testCalculateHandValueWithAceExceeding21()" classname="ru.nsu.shadrina.PlayerTest" time="0.0"/>
  <system-out><![CDATA[]]></system-out>
  <system-err><![CDATA[]]></system-err>
</testsuite>
