<?xml version="1.0" encoding="UTF-8"?>
<testsuite name="ru.nsu.borodkin.DealerTest" tests="1" skipped="0" failures="0" errors="0" timestamp="2024-12-09T04:28:41" hostname="DESKTOP-D9QOF54" time="0.002">
  <properties/>
  <testcase name="testDealerPlay()" classname="ru.nsu.borodkin.DealerTest" time="0.002"/>
  <system-out><![CDATA[]]></system-out>
  <system-err><![CDATA[]]></system-err>
</testsuite>
