<?xml version="1.0" encoding="UTF-8"?>
<testsuite name="ru.nsu.shadrina.CardTest" tests="4" skipped="0" failures="0" errors="0" timestamp="2024-11-11T07:11:05" hostname="DESKTOP-D9QOF54" time="0.01">
  <properties/>
  <testcase name="testToString()" classname="ru.nsu.shadrina.CardTest" time="0.006"/>
  <testcase name="testCardCreation()" classname="ru.nsu.shadrina.CardTest" time="0.001"/>
  <testcase name="testCardWithNumber()" classname="ru.nsu.shadrina.CardTest" time="0.0"/>
  <testcase name="testCardWithAce()" classname="ru.nsu.shadrina.CardTest" time="0.0"/>
  <system-out><![CDATA[]]></system-out>
  <system-err><![CDATA[]]></system-err>
</testsuite>
