<?xml version="1.0" encoding="UTF-8"?>
<testsuite name="ru.nsu.shadrina.DeckTest" tests="3" skipped="0" failures="0" errors="0" timestamp="2024-11-11T07:11:05" hostname="DESKTOP-D9QOF54" time="0.005">
  <properties/>
  <testcase name="testDrawCard()" classname="ru.nsu.shadrina.DeckTest" time="0.002"/>
  <testcase name="testDeckShuffle()" classname="ru.nsu.shadrina.DeckTest" time="0.002"/>
  <testcase name="testDeckSize()" classname="ru.nsu.shadrina.DeckTest" time="0.0"/>
  <system-out><![CDATA[]]></system-out>
  <system-err><![CDATA[]]></system-err>
</testsuite>
